<?xml version="1.0" encoding="utf-8"?><testsuites name="pytest tests"><testsuite name="pytest" errors="0" failures="0" skipped="0" tests="8" time="1.031" timestamp="2026-06-24T12:03:23.759964+00:00" hostname="agent-env-734f4d2b-2aaf-437a-8956-da01eae5f009"><testcase classname="backend.tests.test_backend_api" name="test_root_status" time="0.269" /><testcase classname="backend.tests.test_backend_api" name="test_create_consultation_and_list" time="0.113" /><testcase classname="backend.tests.test_backend_api" name="test_create_consultation_invalid_email" time="0.063" /><testcase classname="backend.tests.test_backend_api" name="test_create_webinar_registration_and_list" time="0.129" /><testcase classname="backend.tests.test_backend_api" name="test_create_contact_and_list" time="0.130" /><testcase classname="backend.tests.test_backend_api" name="test_blog_list_has_four_seed_posts" time="0.052" /><testcase classname="backend.tests.test_backend_api" name="test_blog_post_detail_returns_localized_fields" time="0.051" /><testcase classname="backend.tests.test_backend_api" name="test_blog_post_not_found" time="0.055" /></testsuite></testsuites>